<?xml version="1.0" encoding="UTF-8"?>
<testng-results skipped="0" failed="0" total="2" passed="2">
  <reporter-output>
  </reporter-output>
  <suite name="Default suite" duration-ms="22100" started-at="2018-08-10T11:10:11Z" finished-at="2018-08-10T11:10:33Z">
    <groups>
    </groups>
    <test name="Default test" duration-ms="22100" started-at="2018-08-10T11:10:11Z" finished-at="2018-08-10T11:10:33Z">
      <class name="Login.Validuser">
        <test-method status="PASS" signature="case1()[pri:0, instance:Login.Validuser@675d3402]" name="case1" duration-ms="11384" started-at="2018-08-10T16:40:11Z" finished-at="2018-08-10T16:40:23Z">
          <reporter-output>
          </reporter-output>
        </test-method> <!-- case1 -->
        <test-method status="PASS" signature="case2()[pri:0, instance:Login.Validuser@675d3402]" name="case2" duration-ms="10685" started-at="2018-08-10T16:40:23Z" finished-at="2018-08-10T16:40:33Z">
          <reporter-output>
          </reporter-output>
        </test-method> <!-- case2 -->
      </class> <!-- Login.Validuser -->
    </test> <!-- Default test -->
  </suite> <!-- Default suite -->
</testng-results>
